<?xml version="1.0" encoding="UTF-8"?>
<testng-results total="3" passed="3" failed="0" skipped="0">
  <reporter-output>
  </reporter-output>
  <suite started-at="2021-11-08T14:20:45Z" name="Suite" finished-at="2021-11-08T14:20:56Z" duration-ms="11142">
    <groups>
    </groups>
    <test started-at="2021-11-08T14:20:45Z" name="Test" finished-at="2021-11-08T14:20:56Z" duration-ms="11142">
      <class name="com.sdet.AppTest">
        <test-method signature="testlogin1()[pri:0, instance:com.sdet.AppTest@44d52de2]" started-at="2021-11-08T19:50:56Z" name="testlogin1" finished-at="2021-11-08T19:50:56Z" duration-ms="23" status="PASS">
          <reporter-output>
          </reporter-output>
        </test-method> <!-- testlogin1 -->
        <test-method signature="testlogin2()[pri:0, instance:com.sdet.AppTest@44d52de2]" started-at="2021-11-08T19:50:56Z" name="testlogin2" finished-at="2021-11-08T19:50:56Z" duration-ms="2" status="PASS">
          <reporter-output>
          </reporter-output>
        </test-method> <!-- testlogin2 -->
      </class> <!-- com.sdet.AppTest -->
      <class name="com.sdet.TC_Login">
        <test-method signature="login_test()[pri:0, instance:com.sdet.TC_Login@63611043]" started-at="2021-11-08T19:50:45Z" name="login_test" finished-at="2021-11-08T19:50:56Z" duration-ms="11057" status="PASS">
          <reporter-output>
          </reporter-output>
        </test-method> <!-- login_test -->
      </class> <!-- com.sdet.TC_Login -->
    </test> <!-- Test -->
  </suite> <!-- Suite -->
</testng-results>
